[Thu Dec 22 13:08:22.834340 2016] [ssl:warn] [pid 3032:tid 252] AH01909: www.example.com:443:0 server certificate does NOT include an ID which matches the server name
[Thu Dec 22 13:08:23.118830 2016] [ssl:warn] [pid 3032:tid 252] AH01909: www.example.com:443:0 server certificate does NOT include an ID which matches the server name
[Thu Dec 22 13:08:24.161730 2016] [mpm_winnt:notice] [pid 3032:tid 252] AH00455: Apache/2.4.23 (Win32) OpenSSL/1.0.2h PHP/5.6.28 configured -- resuming normal operations
[Thu Dec 22 13:08:24.161730 2016] [mpm_winnt:notice] [pid 3032:tid 252] AH00456: Apache Lounge VC11 Server built: Jul  7 2016 11:13:22
[Thu Dec 22 13:08:24.161730 2016] [core:notice] [pid 3032:tid 252] AH00094: Command line: 'c:\\users\\ccm\\xampp\\apache\\bin\\httpd.exe -d C:/Users/CCM/XAMPP/apache'
[Thu Dec 22 13:08:24.161730 2016] [mpm_winnt:notice] [pid 3032:tid 252] AH00418: Parent: Created child process 2408
[Thu Dec 22 13:08:24.665741 2016] [ssl:warn] [pid 2408:tid 264] AH01909: www.example.com:443:0 server certificate does NOT include an ID which matches the server name
[Thu Dec 22 13:08:24.885947 2016] [ssl:warn] [pid 2408:tid 264] AH01909: www.example.com:443:0 server certificate does NOT include an ID which matches the server name
[Thu Dec 22 13:08:24.930398 2016] [mpm_winnt:notice] [pid 2408:tid 264] AH00354: Child: Starting 150 worker threads.
[Thu Dec 22 14:56:39.832910 2016] [ssl:warn] [pid 2204:tid 252] AH01909: www.example.com:443:0 server certificate does NOT include an ID which matches the server name
[Thu Dec 22 14:56:39.879785 2016] [core:warn] [pid 2204:tid 252] AH00098: pid file C:/Users/CCM/XAMPP/apache/logs/httpd.pid overwritten -- Unclean shutdown of previous Apache run?
[Thu Dec 22 14:56:40.067285 2016] [ssl:warn] [pid 2204:tid 252] AH01909: www.example.com:443:0 server certificate does NOT include an ID which matches the server name
[Thu Dec 22 14:56:40.114160 2016] [mpm_winnt:notice] [pid 2204:tid 252] AH00455: Apache/2.4.23 (Win32) OpenSSL/1.0.2h PHP/5.6.28 configured -- resuming normal operations
[Thu Dec 22 14:56:40.114160 2016] [mpm_winnt:notice] [pid 2204:tid 252] AH00456: Apache Lounge VC11 Server built: Jul  7 2016 11:13:22
[Thu Dec 22 14:56:40.114160 2016] [core:notice] [pid 2204:tid 252] AH00094: Command line: 'c:\\users\\ccm\\xampp\\apache\\bin\\httpd.exe -d C:/Users/CCM/XAMPP/apache'
[Thu Dec 22 14:56:40.114160 2016] [mpm_winnt:notice] [pid 2204:tid 252] AH00418: Parent: Created child process 3584
[Thu Dec 22 14:56:40.739160 2016] [ssl:warn] [pid 3584:tid 264] AH01909: www.example.com:443:0 server certificate does NOT include an ID which matches the server name
[Thu Dec 22 14:56:40.957910 2016] [ssl:warn] [pid 3584:tid 264] AH01909: www.example.com:443:0 server certificate does NOT include an ID which matches the server name
[Thu Dec 22 14:56:41.004785 2016] [mpm_winnt:notice] [pid 3584:tid 264] AH00354: Child: Starting 150 worker threads.
[Thu Dec 22 15:00:45.193797 2016] [ssl:warn] [pid 2592:tid 252] AH01909: www.example.com:443:0 server certificate does NOT include an ID which matches the server name
[Thu Dec 22 15:00:45.307069 2016] [core:warn] [pid 2592:tid 252] AH00098: pid file C:/Users/CCM/XAMPP/apache/logs/httpd.pid overwritten -- Unclean shutdown of previous Apache run?
[Thu Dec 22 15:00:45.501250 2016] [ssl:warn] [pid 2592:tid 252] AH01909: www.example.com:443:0 server certificate does NOT include an ID which matches the server name
[Thu Dec 22 15:00:46.795786 2016] [mpm_winnt:notice] [pid 2592:tid 252] AH00455: Apache/2.4.23 (Win32) OpenSSL/1.0.2h PHP/5.6.28 configured -- resuming normal operations
[Thu Dec 22 15:00:46.795786 2016] [mpm_winnt:notice] [pid 2592:tid 252] AH00456: Apache Lounge VC11 Server built: Jul  7 2016 11:13:22
[Thu Dec 22 15:00:46.795786 2016] [core:notice] [pid 2592:tid 252] AH00094: Command line: 'c:\\users\\ccm\\xampp\\apache\\bin\\httpd.exe -d C:/Users/CCM/XAMPP/apache'
[Thu Dec 22 15:00:46.795786 2016] [mpm_winnt:notice] [pid 2592:tid 252] AH00418: Parent: Created child process 2684
[Thu Dec 22 15:00:47.507780 2016] [ssl:warn] [pid 2684:tid 264] AH01909: www.example.com:443:0 server certificate does NOT include an ID which matches the server name
[Thu Dec 22 15:00:47.750506 2016] [ssl:warn] [pid 2684:tid 264] AH01909: www.example.com:443:0 server certificate does NOT include an ID which matches the server name
[Thu Dec 22 15:00:47.799051 2016] [mpm_winnt:notice] [pid 2684:tid 264] AH00354: Child: Starting 150 worker threads.
[Thu Dec 22 17:51:31.214843 2016] [ssl:warn] [pid 1996:tid 252] AH01909: www.example.com:443:0 server certificate does NOT include an ID which matches the server name
[Thu Dec 22 17:51:31.480468 2016] [core:warn] [pid 1996:tid 252] AH00098: pid file C:/Users/CCM/XAMPP/apache/logs/httpd.pid overwritten -- Unclean shutdown of previous Apache run?
[Thu Dec 22 17:51:31.667968 2016] [ssl:warn] [pid 1996:tid 252] AH01909: www.example.com:443:0 server certificate does NOT include an ID which matches the server name
[Thu Dec 22 17:51:33.417968 2016] [mpm_winnt:notice] [pid 1996:tid 252] AH00455: Apache/2.4.23 (Win32) OpenSSL/1.0.2h PHP/5.6.28 configured -- resuming normal operations
[Thu Dec 22 17:51:33.417968 2016] [mpm_winnt:notice] [pid 1996:tid 252] AH00456: Apache Lounge VC11 Server built: Jul  7 2016 11:13:22
[Thu Dec 22 17:51:33.417968 2016] [core:notice] [pid 1996:tid 252] AH00094: Command line: 'c:\\users\\ccm\\xampp\\apache\\bin\\httpd.exe -d C:/Users/CCM/XAMPP/apache'
[Thu Dec 22 17:51:33.417968 2016] [mpm_winnt:notice] [pid 1996:tid 252] AH00418: Parent: Created child process 1364
[Thu Dec 22 17:51:34.074218 2016] [ssl:warn] [pid 1364:tid 264] AH01909: www.example.com:443:0 server certificate does NOT include an ID which matches the server name
[Thu Dec 22 17:51:34.355468 2016] [ssl:warn] [pid 1364:tid 264] AH01909: www.example.com:443:0 server certificate does NOT include an ID which matches the server name
[Thu Dec 22 17:51:34.574218 2016] [mpm_winnt:notice] [pid 1364:tid 264] AH00354: Child: Starting 150 worker threads.
[Fri Dec 23 12:11:09.099526 2016] [ssl:warn] [pid 2648:tid 252] AH01909: www.example.com:443:0 server certificate does NOT include an ID which matches the server name
[Fri Dec 23 12:11:09.337182 2016] [core:warn] [pid 2648:tid 252] AH00098: pid file C:/Users/CCM/XAMPP/apache/logs/httpd.pid overwritten -- Unclean shutdown of previous Apache run?
[Fri Dec 23 12:11:09.793278 2016] [ssl:warn] [pid 2648:tid 252] AH01909: www.example.com:443:0 server certificate does NOT include an ID which matches the server name
[Fri Dec 23 12:11:15.481706 2016] [mpm_winnt:notice] [pid 2648:tid 252] AH00455: Apache/2.4.23 (Win32) OpenSSL/1.0.2h PHP/5.6.28 configured -- resuming normal operations
[Fri Dec 23 12:11:15.481706 2016] [mpm_winnt:notice] [pid 2648:tid 252] AH00456: Apache Lounge VC11 Server built: Jul  7 2016 11:13:22
[Fri Dec 23 12:11:15.481706 2016] [core:notice] [pid 2648:tid 252] AH00094: Command line: 'c:\\users\\ccm\\xampp\\apache\\bin\\httpd.exe -d C:/Users/CCM/XAMPP/apache'
[Fri Dec 23 12:11:15.487167 2016] [mpm_winnt:notice] [pid 2648:tid 252] AH00418: Parent: Created child process 2840
[Fri Dec 23 12:11:16.576677 2016] [ssl:warn] [pid 2840:tid 264] AH01909: www.example.com:443:0 server certificate does NOT include an ID which matches the server name
[Fri Dec 23 12:11:16.862479 2016] [ssl:warn] [pid 2840:tid 264] AH01909: www.example.com:443:0 server certificate does NOT include an ID which matches the server name
[Fri Dec 23 12:11:16.912540 2016] [mpm_winnt:notice] [pid 2840:tid 264] AH00354: Child: Starting 150 worker threads.
[Sun Dec 25 16:36:31.259022 2016] [ssl:warn] [pid 2476:tid 252] AH01909: www.example.com:443:0 server certificate does NOT include an ID which matches the server name
[Sun Dec 25 16:36:31.477476 2016] [core:warn] [pid 2476:tid 252] AH00098: pid file C:/Users/CCM/XAMPP/apache/logs/httpd.pid overwritten -- Unclean shutdown of previous Apache run?
[Sun Dec 25 16:36:31.681366 2016] [ssl:warn] [pid 2476:tid 252] AH01909: www.example.com:443:0 server certificate does NOT include an ID which matches the server name
[Sun Dec 25 16:36:37.339327 2016] [mpm_winnt:notice] [pid 2476:tid 252] AH00455: Apache/2.4.23 (Win32) OpenSSL/1.0.2h PHP/5.6.28 configured -- resuming normal operations
[Sun Dec 25 16:36:37.339327 2016] [mpm_winnt:notice] [pid 2476:tid 252] AH00456: Apache Lounge VC11 Server built: Jul  7 2016 11:13:22
[Sun Dec 25 16:36:37.339327 2016] [core:notice] [pid 2476:tid 252] AH00094: Command line: 'c:\\users\\ccm\\xampp\\apache\\bin\\httpd.exe -d C:/Users/CCM/XAMPP/apache'
[Sun Dec 25 16:36:37.339327 2016] [mpm_winnt:notice] [pid 2476:tid 252] AH00418: Parent: Created child process 2736
[Sun Dec 25 16:36:38.296160 2016] [ssl:warn] [pid 2736:tid 264] AH01909: www.example.com:443:0 server certificate does NOT include an ID which matches the server name
[Sun Dec 25 16:36:38.650057 2016] [ssl:warn] [pid 2736:tid 264] AH01909: www.example.com:443:0 server certificate does NOT include an ID which matches the server name
[Sun Dec 25 16:36:38.951525 2016] [mpm_winnt:notice] [pid 2736:tid 264] AH00354: Child: Starting 150 worker threads.
[Wed Dec 28 12:38:59.207024 2016] [ssl:warn] [pid 1724:tid 252] AH01909: www.example.com:443:0 server certificate does NOT include an ID which matches the server name
[Wed Dec 28 12:38:59.271477 2016] [core:warn] [pid 1724:tid 252] AH00098: pid file C:/Users/CCM/XAMPP/apache/logs/httpd.pid overwritten -- Unclean shutdown of previous Apache run?
[Wed Dec 28 12:38:59.518547 2016] [ssl:warn] [pid 1724:tid 252] AH01909: www.example.com:443:0 server certificate does NOT include an ID which matches the server name
[Wed Dec 28 12:39:00.824211 2016] [mpm_winnt:notice] [pid 1724:tid 252] AH00455: Apache/2.4.23 (Win32) OpenSSL/1.0.2h PHP/5.6.28 configured -- resuming normal operations
[Wed Dec 28 12:39:00.824211 2016] [mpm_winnt:notice] [pid 1724:tid 252] AH00456: Apache Lounge VC11 Server built: Jul  7 2016 11:13:22
[Wed Dec 28 12:39:00.824211 2016] [core:notice] [pid 1724:tid 252] AH00094: Command line: 'c:\\users\\ccm\\xampp\\apache\\bin\\httpd.exe -d C:/Users/CCM/XAMPP/apache'
[Wed Dec 28 12:39:00.827141 2016] [mpm_winnt:notice] [pid 1724:tid 252] AH00418: Parent: Created child process 3024
[Wed Dec 28 12:39:01.579094 2016] [ssl:warn] [pid 3024:tid 264] AH01909: www.example.com:443:0 server certificate does NOT include an ID which matches the server name
[Wed Dec 28 12:39:01.809563 2016] [ssl:warn] [pid 3024:tid 264] AH01909: www.example.com:443:0 server certificate does NOT include an ID which matches the server name
[Wed Dec 28 12:39:01.859367 2016] [mpm_winnt:notice] [pid 3024:tid 264] AH00354: Child: Starting 150 worker threads.
[Thu Dec 29 15:41:35.202995 2016] [ssl:warn] [pid 2384:tid 252] AH01909: www.example.com:443:0 server certificate does NOT include an ID which matches the server name
[Thu Dec 29 15:41:35.371382 2016] [core:warn] [pid 2384:tid 252] AH00098: pid file C:/Users/CCM/XAMPP/apache/logs/httpd.pid overwritten -- Unclean shutdown of previous Apache run?
[Thu Dec 29 15:41:35.571626 2016] [ssl:warn] [pid 2384:tid 252] AH01909: www.example.com:443:0 server certificate does NOT include an ID which matches the server name
[Thu Dec 29 15:41:37.936294 2016] [mpm_winnt:notice] [pid 2384:tid 252] AH00455: Apache/2.4.23 (Win32) OpenSSL/1.0.2h PHP/5.6.28 configured -- resuming normal operations
[Thu Dec 29 15:41:37.936294 2016] [mpm_winnt:notice] [pid 2384:tid 252] AH00456: Apache Lounge VC11 Server built: Jul  7 2016 11:13:22
[Thu Dec 29 15:41:37.936294 2016] [core:notice] [pid 2384:tid 252] AH00094: Command line: 'c:\\users\\ccm\\xampp\\apache\\bin\\httpd.exe -d C:/Users/CCM/XAMPP/apache'
[Thu Dec 29 15:41:37.939570 2016] [mpm_winnt:notice] [pid 2384:tid 252] AH00418: Parent: Created child process 1084
[Thu Dec 29 15:41:38.502361 2016] [ssl:warn] [pid 1084:tid 264] AH01909: www.example.com:443:0 server certificate does NOT include an ID which matches the server name
[Thu Dec 29 15:41:38.721906 2016] [ssl:warn] [pid 1084:tid 264] AH01909: www.example.com:443:0 server certificate does NOT include an ID which matches the server name
[Thu Dec 29 15:41:38.762866 2016] [mpm_winnt:notice] [pid 1084:tid 264] AH00354: Child: Starting 150 worker threads.
[Tue Jan 03 14:44:12.899919 2017] [ssl:warn] [pid 2900:tid 252] AH01909: www.example.com:443:0 server certificate does NOT include an ID which matches the server name
[Tue Jan 03 14:44:13.036608 2017] [core:warn] [pid 2900:tid 252] AH00098: pid file C:/Users/CCM/XAMPP/apache/logs/httpd.pid overwritten -- Unclean shutdown of previous Apache run?
[Tue Jan 03 14:44:13.275813 2017] [ssl:warn] [pid 2900:tid 252] AH01909: www.example.com:443:0 server certificate does NOT include an ID which matches the server name
[Tue Jan 03 14:44:16.069391 2017] [mpm_winnt:notice] [pid 2900:tid 252] AH00455: Apache/2.4.23 (Win32) OpenSSL/1.0.2h PHP/5.6.28 configured -- resuming normal operations
[Tue Jan 03 14:44:16.069391 2017] [mpm_winnt:notice] [pid 2900:tid 252] AH00456: Apache Lounge VC11 Server built: Jul  7 2016 11:13:22
[Tue Jan 03 14:44:16.069391 2017] [core:notice] [pid 2900:tid 252] AH00094: Command line: 'c:\\users\\ccm\\xampp\\apache\\bin\\httpd.exe -d C:/Users/CCM/XAMPP/apache'
[Tue Jan 03 14:44:16.069391 2017] [mpm_winnt:notice] [pid 2900:tid 252] AH00418: Parent: Created child process 584
[Tue Jan 03 14:44:16.892727 2017] [ssl:warn] [pid 584:tid 264] AH01909: www.example.com:443:0 server certificate does NOT include an ID which matches the server name
[Tue Jan 03 14:44:17.456569 2017] [ssl:warn] [pid 584:tid 264] AH01909: www.example.com:443:0 server certificate does NOT include an ID which matches the server name
[Tue Jan 03 14:44:17.507827 2017] [mpm_winnt:notice] [pid 584:tid 264] AH00354: Child: Starting 150 worker threads.
[Thu Jan 05 16:37:56.328885 2017] [ssl:warn] [pid 2052:tid 252] AH01909: www.example.com:443:0 server certificate does NOT include an ID which matches the server name
[Thu Jan 05 16:37:56.532010 2017] [core:warn] [pid 2052:tid 252] AH00098: pid file C:/Users/CCM/XAMPP/apache/logs/httpd.pid overwritten -- Unclean shutdown of previous Apache run?
[Thu Jan 05 16:37:56.703885 2017] [ssl:warn] [pid 2052:tid 252] AH01909: www.example.com:443:0 server certificate does NOT include an ID which matches the server name
[Thu Jan 05 16:38:02.578885 2017] [mpm_winnt:notice] [pid 2052:tid 252] AH00455: Apache/2.4.23 (Win32) OpenSSL/1.0.2h PHP/5.6.28 configured -- resuming normal operations
[Thu Jan 05 16:38:02.578885 2017] [mpm_winnt:notice] [pid 2052:tid 252] AH00456: Apache Lounge VC11 Server built: Jul  7 2016 11:13:22
[Thu Jan 05 16:38:02.578885 2017] [core:notice] [pid 2052:tid 252] AH00094: Command line: 'c:\\users\\ccm\\xampp\\apache\\bin\\httpd.exe -d C:/Users/CCM/XAMPP/apache'
[Thu Jan 05 16:38:02.594510 2017] [mpm_winnt:notice] [pid 2052:tid 252] AH00418: Parent: Created child process 2380
[Thu Jan 05 16:38:03.391385 2017] [ssl:warn] [pid 2380:tid 264] AH01909: www.example.com:443:0 server certificate does NOT include an ID which matches the server name
[Thu Jan 05 16:38:03.688260 2017] [ssl:warn] [pid 2380:tid 264] AH01909: www.example.com:443:0 server certificate does NOT include an ID which matches the server name
[Thu Jan 05 16:38:03.860135 2017] [mpm_winnt:notice] [pid 2380:tid 264] AH00354: Child: Starting 150 worker threads.
[Mon Jan 09 14:28:52.344669 2017] [ssl:warn] [pid 1996:tid 252] AH01909: www.example.com:443:0 server certificate does NOT include an ID which matches the server name
[Mon Jan 09 14:28:52.516544 2017] [core:warn] [pid 1996:tid 252] AH00098: pid file C:/Users/CCM/XAMPP/apache/logs/httpd.pid overwritten -- Unclean shutdown of previous Apache run?
[Mon Jan 09 14:28:52.704044 2017] [ssl:warn] [pid 1996:tid 252] AH01909: www.example.com:443:0 server certificate does NOT include an ID which matches the server name
[Mon Jan 09 14:28:55.516544 2017] [mpm_winnt:notice] [pid 1996:tid 252] AH00455: Apache/2.4.23 (Win32) OpenSSL/1.0.2h PHP/5.6.28 configured -- resuming normal operations
[Mon Jan 09 14:28:55.516544 2017] [mpm_winnt:notice] [pid 1996:tid 252] AH00456: Apache Lounge VC11 Server built: Jul  7 2016 11:13:22
[Mon Jan 09 14:28:55.516544 2017] [core:notice] [pid 1996:tid 252] AH00094: Command line: 'c:\\users\\ccm\\xampp\\apache\\bin\\httpd.exe -d C:/Users/CCM/XAMPP/apache'
[Mon Jan 09 14:28:55.532169 2017] [mpm_winnt:notice] [pid 1996:tid 252] AH00418: Parent: Created child process 2128
[Mon Jan 09 14:28:56.250919 2017] [ssl:warn] [pid 2128:tid 264] AH01909: www.example.com:443:0 server certificate does NOT include an ID which matches the server name
[Mon Jan 09 14:28:56.500919 2017] [ssl:warn] [pid 2128:tid 264] AH01909: www.example.com:443:0 server certificate does NOT include an ID which matches the server name
[Mon Jan 09 14:28:56.563419 2017] [mpm_winnt:notice] [pid 2128:tid 264] AH00354: Child: Starting 150 worker threads.
[Mon Jan 09 15:23:46.789186 2017] [ssl:warn] [pid 2536:tid 252] AH01909: www.example.com:443:0 server certificate does NOT include an ID which matches the server name
[Mon Jan 09 15:23:46.851686 2017] [core:warn] [pid 2536:tid 252] AH00098: pid file C:/Users/CCM/XAMPP/apache/logs/httpd.pid overwritten -- Unclean shutdown of previous Apache run?
[Mon Jan 09 15:23:47.023561 2017] [ssl:warn] [pid 2536:tid 252] AH01909: www.example.com:443:0 server certificate does NOT include an ID which matches the server name
[Mon Jan 09 15:23:47.070436 2017] [mpm_winnt:notice] [pid 2536:tid 252] AH00455: Apache/2.4.23 (Win32) OpenSSL/1.0.2h PHP/5.6.28 configured -- resuming normal operations
[Mon Jan 09 15:23:47.070436 2017] [mpm_winnt:notice] [pid 2536:tid 252] AH00456: Apache Lounge VC11 Server built: Jul  7 2016 11:13:22
[Mon Jan 09 15:23:47.070436 2017] [core:notice] [pid 2536:tid 252] AH00094: Command line: 'c:\\users\\ccm\\xampp\\apache\\bin\\httpd.exe -d C:/Users/CCM/XAMPP/apache'
[Mon Jan 09 15:23:47.070436 2017] [mpm_winnt:notice] [pid 2536:tid 252] AH00418: Parent: Created child process 2264
[Mon Jan 09 15:23:47.789186 2017] [ssl:warn] [pid 2264:tid 264] AH01909: www.example.com:443:0 server certificate does NOT include an ID which matches the server name
[Mon Jan 09 15:23:47.992311 2017] [ssl:warn] [pid 2264:tid 264] AH01909: www.example.com:443:0 server certificate does NOT include an ID which matches the server name
[Mon Jan 09 15:23:48.039186 2017] [mpm_winnt:notice] [pid 2264:tid 264] AH00354: Child: Starting 150 worker threads.
[Mon Jan 09 18:07:48.633811 2017] [ssl:warn] [pid 2076:tid 252] AH01909: www.example.com:443:0 server certificate does NOT include an ID which matches the server name
[Mon Jan 09 18:07:48.852561 2017] [core:warn] [pid 2076:tid 252] AH00098: pid file C:/Users/CCM/XAMPP/apache/logs/httpd.pid overwritten -- Unclean shutdown of previous Apache run?
[Mon Jan 09 18:07:49.071311 2017] [ssl:warn] [pid 2076:tid 252] AH01909: www.example.com:443:0 server certificate does NOT include an ID which matches the server name
[Mon Jan 09 18:07:53.383811 2017] [mpm_winnt:notice] [pid 2076:tid 252] AH00455: Apache/2.4.23 (Win32) OpenSSL/1.0.2h PHP/5.6.28 configured -- resuming normal operations
[Mon Jan 09 18:07:53.383811 2017] [mpm_winnt:notice] [pid 2076:tid 252] AH00456: Apache Lounge VC11 Server built: Jul  7 2016 11:13:22
[Mon Jan 09 18:07:53.383811 2017] [core:notice] [pid 2076:tid 252] AH00094: Command line: 'c:\\users\\ccm\\xampp\\apache\\bin\\httpd.exe -d C:/Users/CCM/XAMPP/apache'
[Mon Jan 09 18:07:53.383811 2017] [mpm_winnt:notice] [pid 2076:tid 252] AH00418: Parent: Created child process 2288
[Mon Jan 09 18:07:54.133811 2017] [ssl:warn] [pid 2288:tid 264] AH01909: www.example.com:443:0 server certificate does NOT include an ID which matches the server name
[Mon Jan 09 18:07:54.446311 2017] [ssl:warn] [pid 2288:tid 264] AH01909: www.example.com:443:0 server certificate does NOT include an ID which matches the server name
[Mon Jan 09 18:07:54.618186 2017] [mpm_winnt:notice] [pid 2288:tid 264] AH00354: Child: Starting 150 worker threads.
[Mon Jan 09 19:14:21.819647 2017] [ssl:warn] [pid 2812:tid 252] AH01909: www.example.com:443:0 server certificate does NOT include an ID which matches the server name
[Mon Jan 09 19:14:22.007147 2017] [core:warn] [pid 2812:tid 252] AH00098: pid file C:/Users/CCM/XAMPP/apache/logs/httpd.pid overwritten -- Unclean shutdown of previous Apache run?
[Mon Jan 09 19:14:22.179022 2017] [ssl:warn] [pid 2812:tid 252] AH01909: www.example.com:443:0 server certificate does NOT include an ID which matches the server name
[Mon Jan 09 19:14:29.369452 2017] [mpm_winnt:notice] [pid 2812:tid 252] AH00455: Apache/2.4.23 (Win32) OpenSSL/1.0.2h PHP/5.6.28 configured -- resuming normal operations
[Mon Jan 09 19:14:29.369452 2017] [mpm_winnt:notice] [pid 2812:tid 252] AH00456: Apache Lounge VC11 Server built: Jul  7 2016 11:13:22
[Mon Jan 09 19:14:29.369452 2017] [core:notice] [pid 2812:tid 252] AH00094: Command line: 'c:\\users\\ccm\\xampp\\apache\\bin\\httpd.exe -d C:/Users/CCM/XAMPP/apache'
[Mon Jan 09 19:14:29.369452 2017] [mpm_winnt:notice] [pid 2812:tid 252] AH00418: Parent: Created child process 1676
[Mon Jan 09 19:14:30.713202 2017] [ssl:warn] [pid 1676:tid 264] AH01909: www.example.com:443:0 server certificate does NOT include an ID which matches the server name
[Mon Jan 09 19:14:31.025702 2017] [ssl:warn] [pid 1676:tid 264] AH01909: www.example.com:443:0 server certificate does NOT include an ID which matches the server name
[Mon Jan 09 19:14:31.088202 2017] [mpm_winnt:notice] [pid 1676:tid 264] AH00354: Child: Starting 150 worker threads.
[Mon Jan 16 11:57:54.564361 2017] [ssl:warn] [pid 1040:tid 252] AH01909: www.example.com:443:0 server certificate does NOT include an ID which matches the server name
[Mon Jan 16 11:57:54.844853 2017] [core:warn] [pid 1040:tid 252] AH00098: pid file C:/Users/CCM/XAMPP/apache/logs/httpd.pid overwritten -- Unclean shutdown of previous Apache run?
[Mon Jan 16 11:57:55.026844 2017] [ssl:warn] [pid 1040:tid 252] AH01909: www.example.com:443:0 server certificate does NOT include an ID which matches the server name
[Mon Jan 16 11:58:02.567098 2017] [mpm_winnt:notice] [pid 1040:tid 252] AH00455: Apache/2.4.23 (Win32) OpenSSL/1.0.2h PHP/5.6.28 configured -- resuming normal operations
[Mon Jan 16 11:58:02.567098 2017] [mpm_winnt:notice] [pid 1040:tid 252] AH00456: Apache Lounge VC11 Server built: Jul  7 2016 11:13:22
[Mon Jan 16 11:58:02.567098 2017] [core:notice] [pid 1040:tid 252] AH00094: Command line: 'c:\\users\\ccm\\xampp\\apache\\bin\\httpd.exe -d C:/Users/CCM/XAMPP/apache'
[Mon Jan 16 11:58:02.570476 2017] [mpm_winnt:notice] [pid 1040:tid 252] AH00418: Parent: Created child process 1764
[Mon Jan 16 11:58:03.198635 2017] [ssl:warn] [pid 1764:tid 264] AH01909: www.example.com:443:0 server certificate does NOT include an ID which matches the server name
[Mon Jan 16 11:58:03.409710 2017] [ssl:warn] [pid 1764:tid 264] AH01909: www.example.com:443:0 server certificate does NOT include an ID which matches the server name
[Mon Jan 16 11:58:03.448548 2017] [mpm_winnt:notice] [pid 1764:tid 264] AH00354: Child: Starting 150 worker threads.
[Mon Jan 16 17:29:44.838537 2017] [ssl:warn] [pid 3396:tid 252] AH01909: www.example.com:443:0 server certificate does NOT include an ID which matches the server name
[Mon Jan 16 17:29:44.925451 2017] [core:warn] [pid 3396:tid 252] AH00098: pid file C:/Users/CCM/XAMPP/apache/logs/httpd.pid overwritten -- Unclean shutdown of previous Apache run?
[Mon Jan 16 17:29:45.116858 2017] [ssl:warn] [pid 3396:tid 252] AH01909: www.example.com:443:0 server certificate does NOT include an ID which matches the server name
[Mon Jan 16 17:29:45.163733 2017] [mpm_winnt:notice] [pid 3396:tid 252] AH00455: Apache/2.4.23 (Win32) OpenSSL/1.0.2h PHP/5.6.28 configured -- resuming normal operations
[Mon Jan 16 17:29:45.163733 2017] [mpm_winnt:notice] [pid 3396:tid 252] AH00456: Apache Lounge VC11 Server built: Jul  7 2016 11:13:22
[Mon Jan 16 17:29:45.163733 2017] [core:notice] [pid 3396:tid 252] AH00094: Command line: 'c:\\users\\ccm\\xampp\\apache\\bin\\httpd.exe -d C:/Users/CCM/XAMPP/apache'
[Mon Jan 16 17:29:45.166662 2017] [mpm_winnt:notice] [pid 3396:tid 252] AH00418: Parent: Created child process 4036
[Mon Jan 16 17:29:45.833654 2017] [ssl:warn] [pid 4036:tid 264] AH01909: www.example.com:443:0 server certificate does NOT include an ID which matches the server name
[Mon Jan 16 17:29:46.063147 2017] [ssl:warn] [pid 4036:tid 264] AH01909: www.example.com:443:0 server certificate does NOT include an ID which matches the server name
[Mon Jan 16 17:29:46.110022 2017] [mpm_winnt:notice] [pid 4036:tid 264] AH00354: Child: Starting 150 worker threads.
[Mon Jan 16 19:58:03.626724 2017] [mpm_winnt:crit] [pid 4036:tid 264] AH02538: Child: Parent process exited abruptly. Child process is ending
[Tue Jan 17 00:57:08.262138 2017] [ssl:warn] [pid 2700:tid 252] AH01909: www.example.com:443:0 server certificate does NOT include an ID which matches the server name
[Tue Jan 17 00:57:08.766925 2017] [core:warn] [pid 2700:tid 252] AH00098: pid file C:/Users/CCM/XAMPP/apache/logs/httpd.pid overwritten -- Unclean shutdown of previous Apache run?
[Tue Jan 17 00:57:09.071144 2017] [ssl:warn] [pid 2700:tid 252] AH01909: www.example.com:443:0 server certificate does NOT include an ID which matches the server name
[Tue Jan 17 00:57:11.132023 2017] [mpm_winnt:notice] [pid 2700:tid 252] AH00455: Apache/2.4.23 (Win32) OpenSSL/1.0.2h PHP/5.6.28 configured -- resuming normal operations
[Tue Jan 17 00:57:11.132023 2017] [mpm_winnt:notice] [pid 2700:tid 252] AH00456: Apache Lounge VC11 Server built: Jul  7 2016 11:13:22
[Tue Jan 17 00:57:11.132023 2017] [core:notice] [pid 2700:tid 252] AH00094: Command line: 'c:\\users\\ccm\\xampp\\apache\\bin\\httpd.exe -d C:/Users/CCM/XAMPP/apache'
[Tue Jan 17 00:57:11.136061 2017] [mpm_winnt:notice] [pid 2700:tid 252] AH00418: Parent: Created child process 2528
[Tue Jan 17 00:57:12.070254 2017] [ssl:warn] [pid 2528:tid 264] AH01909: www.example.com:443:0 server certificate does NOT include an ID which matches the server name
[Tue Jan 17 00:57:12.437740 2017] [ssl:warn] [pid 2528:tid 264] AH01909: www.example.com:443:0 server certificate does NOT include an ID which matches the server name
[Tue Jan 17 00:57:12.503699 2017] [mpm_winnt:notice] [pid 2528:tid 264] AH00354: Child: Starting 150 worker threads.
[Tue Jan 17 17:22:00.521036 2017] [ssl:warn] [pid 440:tid 252] AH01909: www.example.com:443:0 server certificate does NOT include an ID which matches the server name
[Tue Jan 17 17:22:00.693749 2017] [core:warn] [pid 440:tid 252] AH00098: pid file C:/Users/CCM/XAMPP/apache/logs/httpd.pid overwritten -- Unclean shutdown of previous Apache run?
[Tue Jan 17 17:22:00.897863 2017] [ssl:warn] [pid 440:tid 252] AH01909: www.example.com:443:0 server certificate does NOT include an ID which matches the server name
[Tue Jan 17 17:22:05.087291 2017] [mpm_winnt:notice] [pid 440:tid 252] AH00455: Apache/2.4.23 (Win32) OpenSSL/1.0.2h PHP/5.6.28 configured -- resuming normal operations
[Tue Jan 17 17:22:05.087291 2017] [mpm_winnt:notice] [pid 440:tid 252] AH00456: Apache Lounge VC11 Server built: Jul  7 2016 11:13:22
[Tue Jan 17 17:22:05.087291 2017] [core:notice] [pid 440:tid 252] AH00094: Command line: 'c:\\users\\ccm\\xampp\\apache\\bin\\httpd.exe -d C:/Users/CCM/XAMPP/apache'
[Tue Jan 17 17:22:05.087291 2017] [mpm_winnt:notice] [pid 440:tid 252] AH00418: Parent: Created child process 272
[Tue Jan 17 17:22:05.916308 2017] [ssl:warn] [pid 272:tid 264] AH01909: www.example.com:443:0 server certificate does NOT include an ID which matches the server name
[Tue Jan 17 17:22:06.209919 2017] [ssl:warn] [pid 272:tid 264] AH01909: www.example.com:443:0 server certificate does NOT include an ID which matches the server name
[Tue Jan 17 17:22:06.279003 2017] [mpm_winnt:notice] [pid 272:tid 264] AH00354: Child: Starting 150 worker threads.
[Tue Jan 17 18:27:32.399422 2017] [ssl:warn] [pid 2388:tid 252] AH01909: www.example.com:443:0 server certificate does NOT include an ID which matches the server name
[Tue Jan 17 18:27:32.868172 2017] [core:warn] [pid 2388:tid 252] AH00098: pid file C:/Users/CCM/XAMPP/apache/logs/httpd.pid overwritten -- Unclean shutdown of previous Apache run?
[Tue Jan 17 18:27:33.383797 2017] [ssl:warn] [pid 2388:tid 252] AH01909: www.example.com:443:0 server certificate does NOT include an ID which matches the server name
[Tue Jan 17 18:27:42.364680 2017] [mpm_winnt:notice] [pid 2388:tid 252] AH00455: Apache/2.4.23 (Win32) OpenSSL/1.0.2h PHP/5.6.28 configured -- resuming normal operations
[Tue Jan 17 18:27:42.364680 2017] [mpm_winnt:notice] [pid 2388:tid 252] AH00456: Apache Lounge VC11 Server built: Jul  7 2016 11:13:22
[Tue Jan 17 18:27:42.364680 2017] [core:notice] [pid 2388:tid 252] AH00094: Command line: 'c:\\users\\ccm\\xampp\\apache\\bin\\httpd.exe -d C:/Users/CCM/XAMPP/apache'
[Tue Jan 17 18:27:42.364680 2017] [mpm_winnt:notice] [pid 2388:tid 252] AH00418: Parent: Created child process 2924
[Tue Jan 17 18:27:43.630305 2017] [ssl:warn] [pid 2924:tid 264] AH01909: www.example.com:443:0 server certificate does NOT include an ID which matches the server name
[Tue Jan 17 18:27:44.028743 2017] [ssl:warn] [pid 2924:tid 264] AH01909: www.example.com:443:0 server certificate does NOT include an ID which matches the server name
[Tue Jan 17 18:27:44.099055 2017] [mpm_winnt:notice] [pid 2924:tid 264] AH00354: Child: Starting 150 worker threads.
[Tue Jan 17 21:20:54.594813 2017] [ssl:warn] [pid 2216:tid 252] AH01909: www.example.com:443:0 server certificate does NOT include an ID which matches the server name
[Tue Jan 17 21:20:54.910628 2017] [core:warn] [pid 2216:tid 252] AH00098: pid file C:/Users/CCM/XAMPP/apache/logs/httpd.pid overwritten -- Unclean shutdown of previous Apache run?
[Tue Jan 17 21:20:55.192068 2017] [ssl:warn] [pid 2216:tid 252] AH01909: www.example.com:443:0 server certificate does NOT include an ID which matches the server name
[Tue Jan 17 21:20:59.125789 2017] [mpm_winnt:notice] [pid 2216:tid 252] AH00455: Apache/2.4.23 (Win32) OpenSSL/1.0.2h PHP/5.6.28 configured -- resuming normal operations
[Tue Jan 17 21:20:59.125789 2017] [mpm_winnt:notice] [pid 2216:tid 252] AH00456: Apache Lounge VC11 Server built: Jul  7 2016 11:13:22
[Tue Jan 17 21:20:59.125789 2017] [core:notice] [pid 2216:tid 252] AH00094: Command line: 'c:\\users\\ccm\\xampp\\apache\\bin\\httpd.exe -d C:/Users/CCM/XAMPP/apache'
[Tue Jan 17 21:20:59.129011 2017] [mpm_winnt:notice] [pid 2216:tid 252] AH00418: Parent: Created child process 2904
[Tue Jan 17 21:21:00.004484 2017] [ssl:warn] [pid 2904:tid 264] AH01909: www.example.com:443:0 server certificate does NOT include an ID which matches the server name
[Tue Jan 17 21:21:00.354674 2017] [ssl:warn] [pid 2904:tid 264] AH01909: www.example.com:443:0 server certificate does NOT include an ID which matches the server name
[Tue Jan 17 21:21:00.436313 2017] [mpm_winnt:notice] [pid 2904:tid 264] AH00354: Child: Starting 150 worker threads.
[Wed Jan 18 12:11:15.064594 2017] [ssl:warn] [pid 2052:tid 252] AH01909: www.example.com:443:0 server certificate does NOT include an ID which matches the server name
[Wed Jan 18 12:11:15.236200 2017] [core:warn] [pid 2052:tid 252] AH00098: pid file C:/Users/CCM/XAMPP/apache/logs/httpd.pid overwritten -- Unclean shutdown of previous Apache run?
[Wed Jan 18 12:11:15.439390 2017] [ssl:warn] [pid 2052:tid 252] AH01909: www.example.com:443:0 server certificate does NOT include an ID which matches the server name
[Wed Jan 18 12:11:18.563048 2017] [mpm_winnt:notice] [pid 2052:tid 252] AH00455: Apache/2.4.23 (Win32) OpenSSL/1.0.2h PHP/5.6.28 configured -- resuming normal operations
[Wed Jan 18 12:11:18.563048 2017] [mpm_winnt:notice] [pid 2052:tid 252] AH00456: Apache Lounge VC11 Server built: Jul  7 2016 11:13:22
[Wed Jan 18 12:11:18.563048 2017] [core:notice] [pid 2052:tid 252] AH00094: Command line: 'c:\\users\\ccm\\xampp\\apache\\bin\\httpd.exe -d C:/Users/CCM/XAMPP/apache'
[Wed Jan 18 12:11:18.578840 2017] [mpm_winnt:notice] [pid 2052:tid 252] AH00418: Parent: Created child process 2948
[Wed Jan 18 12:11:19.363176 2017] [ssl:warn] [pid 2948:tid 264] AH01909: www.example.com:443:0 server certificate does NOT include an ID which matches the server name
[Wed Jan 18 12:11:19.627429 2017] [ssl:warn] [pid 2948:tid 264] AH01909: www.example.com:443:0 server certificate does NOT include an ID which matches the server name
[Wed Jan 18 12:11:19.676910 2017] [mpm_winnt:notice] [pid 2948:tid 264] AH00354: Child: Starting 150 worker threads.
[Wed Jan 18 19:18:42.177503 2017] [ssl:warn] [pid 3188:tid 252] AH01909: www.example.com:443:0 server certificate does NOT include an ID which matches the server name
[Wed Jan 18 19:18:42.240980 2017] [core:warn] [pid 3188:tid 252] AH00098: pid file C:/Users/CCM/XAMPP/apache/logs/httpd.pid overwritten -- Unclean shutdown of previous Apache run?
[Wed Jan 18 19:18:42.436292 2017] [ssl:warn] [pid 3188:tid 252] AH01909: www.example.com:443:0 server certificate does NOT include an ID which matches the server name
[Wed Jan 18 19:18:42.483167 2017] [mpm_winnt:notice] [pid 3188:tid 252] AH00455: Apache/2.4.23 (Win32) OpenSSL/1.0.2h PHP/5.6.28 configured -- resuming normal operations
[Wed Jan 18 19:18:42.483167 2017] [mpm_winnt:notice] [pid 3188:tid 252] AH00456: Apache Lounge VC11 Server built: Jul  7 2016 11:13:22
[Wed Jan 18 19:18:42.483167 2017] [core:notice] [pid 3188:tid 252] AH00094: Command line: 'c:\\users\\ccm\\xampp\\apache\\bin\\httpd.exe -d C:/Users/CCM/XAMPP/apache'
[Wed Jan 18 19:18:42.485121 2017] [mpm_winnt:notice] [pid 3188:tid 252] AH00418: Parent: Created child process 4084
[Wed Jan 18 19:18:43.198011 2017] [ssl:warn] [pid 4084:tid 264] AH01909: www.example.com:443:0 server certificate does NOT include an ID which matches the server name
[Wed Jan 18 19:18:43.463636 2017] [ssl:warn] [pid 4084:tid 264] AH01909: www.example.com:443:0 server certificate does NOT include an ID which matches the server name
[Wed Jan 18 19:18:43.511488 2017] [mpm_winnt:notice] [pid 4084:tid 264] AH00354: Child: Starting 150 worker threads.
[Sun Jan 22 23:33:12.291286 2017] [:error] [pid 4084:tid 1664] [client ::1:61351] PHP Fatal error:  Allowed memory size of 134217728 bytes exhausted (tried to allocate 30400200 bytes) in C:\\Users\\CCM\\XAMPP\\phpMyAdmin\\libraries\\OutputBuffering.class.php on line 132, referer: http://localhost/phpmyadmin/tbl_change.php?db=ccm_db&table=gespraechsnotizen&token=6f0b07fd10142f3ca963bdd6835af1e5
[Sun Jan 22 23:33:12.296851 2017] [:error] [pid 4084:tid 1664] [client ::1:61351] PHP Fatal error:  Unknown: Cannot use output buffering in output buffering display handlers in Unknown on line 0, referer: http://localhost/phpmyadmin/tbl_change.php?db=ccm_db&table=gespraechsnotizen&token=6f0b07fd10142f3ca963bdd6835af1e5
[Tue Jan 24 15:51:09.236533 2017] [ssl:warn] [pid 2228:tid 252] AH01909: www.example.com:443:0 server certificate does NOT include an ID which matches the server name
[Tue Jan 24 15:51:09.481133 2017] [core:warn] [pid 2228:tid 252] AH00098: pid file C:/Users/CCM/XAMPP/apache/logs/httpd.pid overwritten -- Unclean shutdown of previous Apache run?
[Tue Jan 24 15:51:09.676427 2017] [ssl:warn] [pid 2228:tid 252] AH01909: www.example.com:443:0 server certificate does NOT include an ID which matches the server name
[Tue Jan 24 15:51:17.285711 2017] [mpm_winnt:notice] [pid 2228:tid 252] AH00455: Apache/2.4.23 (Win32) OpenSSL/1.0.2h PHP/5.6.28 configured -- resuming normal operations
[Tue Jan 24 15:51:17.285711 2017] [mpm_winnt:notice] [pid 2228:tid 252] AH00456: Apache Lounge VC11 Server built: Jul  7 2016 11:13:22
[Tue Jan 24 15:51:17.285711 2017] [core:notice] [pid 2228:tid 252] AH00094: Command line: 'c:\\users\\ccm\\xampp\\apache\\bin\\httpd.exe -d C:/Users/CCM/XAMPP/apache'
[Tue Jan 24 15:51:17.288321 2017] [mpm_winnt:notice] [pid 2228:tid 252] AH00418: Parent: Created child process 2288
[Tue Jan 24 15:51:18.034867 2017] [ssl:warn] [pid 2288:tid 264] AH01909: www.example.com:443:0 server certificate does NOT include an ID which matches the server name
[Tue Jan 24 15:51:18.858852 2017] [ssl:warn] [pid 2288:tid 264] AH01909: www.example.com:443:0 server certificate does NOT include an ID which matches the server name
[Tue Jan 24 15:51:18.904967 2017] [mpm_winnt:notice] [pid 2288:tid 264] AH00354: Child: Starting 150 worker threads.
[Wed Jan 25 20:11:34.069142 2017] [ssl:warn] [pid 1868:tid 252] AH01909: www.example.com:443:0 server certificate does NOT include an ID which matches the server name
[Wed Jan 25 20:11:34.382975 2017] [core:warn] [pid 1868:tid 252] AH00098: pid file C:/Users/CCM/XAMPP/apache/logs/httpd.pid overwritten -- Unclean shutdown of previous Apache run?
[Wed Jan 25 20:11:34.587648 2017] [ssl:warn] [pid 1868:tid 252] AH01909: www.example.com:443:0 server certificate does NOT include an ID which matches the server name
[Wed Jan 25 20:11:42.609454 2017] [mpm_winnt:notice] [pid 1868:tid 252] AH00455: Apache/2.4.23 (Win32) OpenSSL/1.0.2h PHP/5.6.28 configured -- resuming normal operations
[Wed Jan 25 20:11:42.609454 2017] [mpm_winnt:notice] [pid 1868:tid 252] AH00456: Apache Lounge VC11 Server built: Jul  7 2016 11:13:22
[Wed Jan 25 20:11:42.609454 2017] [core:notice] [pid 1868:tid 252] AH00094: Command line: 'c:\\users\\ccm\\xampp\\apache\\bin\\httpd.exe -d C:/Users/CCM/XAMPP/apache'
[Wed Jan 25 20:11:42.624463 2017] [mpm_winnt:notice] [pid 1868:tid 252] AH00418: Parent: Created child process 2268
[Wed Jan 25 20:11:43.374928 2017] [ssl:warn] [pid 2268:tid 264] AH01909: www.example.com:443:0 server certificate does NOT include an ID which matches the server name
[Wed Jan 25 20:11:43.690123 2017] [ssl:warn] [pid 2268:tid 264] AH01909: www.example.com:443:0 server certificate does NOT include an ID which matches the server name
[Wed Jan 25 20:11:43.885244 2017] [mpm_winnt:notice] [pid 2268:tid 264] AH00354: Child: Starting 150 worker threads.
[Fri Jan 27 10:23:14.233773 2017] [ssl:warn] [pid 2360:tid 252] AH01909: www.example.com:443:0 server certificate does NOT include an ID which matches the server name
[Fri Jan 27 10:23:14.476876 2017] [core:warn] [pid 2360:tid 252] AH00098: pid file C:/Users/CCM/XAMPP/apache/logs/httpd.pid overwritten -- Unclean shutdown of previous Apache run?
[Fri Jan 27 10:23:14.674039 2017] [ssl:warn] [pid 2360:tid 252] AH01909: www.example.com:443:0 server certificate does NOT include an ID which matches the server name
[Fri Jan 27 10:23:19.871077 2017] [mpm_winnt:notice] [pid 2360:tid 252] AH00455: Apache/2.4.23 (Win32) OpenSSL/1.0.2h PHP/5.6.28 configured -- resuming normal operations
[Fri Jan 27 10:23:19.871077 2017] [mpm_winnt:notice] [pid 2360:tid 252] AH00456: Apache Lounge VC11 Server built: Jul  7 2016 11:13:22
[Fri Jan 27 10:23:19.871077 2017] [core:notice] [pid 2360:tid 252] AH00094: Command line: 'c:\\users\\ccm\\xampp\\apache\\bin\\httpd.exe -d C:/Users/CCM/XAMPP/apache'
[Fri Jan 27 10:23:19.874235 2017] [mpm_winnt:notice] [pid 2360:tid 252] AH00418: Parent: Created child process 1852
[Fri Jan 27 10:23:20.837547 2017] [ssl:warn] [pid 1852:tid 264] AH01909: www.example.com:443:0 server certificate does NOT include an ID which matches the server name
[Fri Jan 27 10:23:21.200763 2017] [ssl:warn] [pid 1852:tid 264] AH01909: www.example.com:443:0 server certificate does NOT include an ID which matches the server name
[Fri Jan 27 10:23:21.254456 2017] [mpm_winnt:notice] [pid 1852:tid 264] AH00354: Child: Starting 150 worker threads.
[Mon Jan 30 18:43:41.508875 2017] [ssl:warn] [pid 2964:tid 252] AH01909: www.example.com:443:0 server certificate does NOT include an ID which matches the server name
[Mon Jan 30 18:43:41.965893 2017] [core:warn] [pid 2964:tid 252] AH00098: pid file C:/Users/CCM/XAMPP/apache/logs/httpd.pid overwritten -- Unclean shutdown of previous Apache run?
[Mon Jan 30 18:43:42.282290 2017] [ssl:warn] [pid 2964:tid 252] AH01909: www.example.com:443:0 server certificate does NOT include an ID which matches the server name
[Mon Jan 30 18:43:55.926963 2017] [mpm_winnt:notice] [pid 2964:tid 252] AH00455: Apache/2.4.23 (Win32) OpenSSL/1.0.2h PHP/5.6.28 configured -- resuming normal operations
[Mon Jan 30 18:43:55.926963 2017] [mpm_winnt:notice] [pid 2964:tid 252] AH00456: Apache Lounge VC11 Server built: Jul  7 2016 11:13:22
[Mon Jan 30 18:43:55.926963 2017] [core:notice] [pid 2964:tid 252] AH00094: Command line: 'c:\\users\\ccm\\xampp\\apache\\bin\\httpd.exe -d C:/Users/CCM/XAMPP/apache'
[Mon Jan 30 18:43:55.931358 2017] [mpm_winnt:notice] [pid 2964:tid 252] AH00418: Parent: Created child process 2888
[Mon Jan 30 18:43:57.111987 2017] [ssl:warn] [pid 2888:tid 264] AH01909: www.example.com:443:0 server certificate does NOT include an ID which matches the server name
[Mon Jan 30 18:43:57.648103 2017] [ssl:warn] [pid 2888:tid 264] AH01909: www.example.com:443:0 server certificate does NOT include an ID which matches the server name
[Mon Jan 30 18:43:57.763823 2017] [mpm_winnt:notice] [pid 2888:tid 264] AH00354: Child: Starting 150 worker threads.
[Tue Jan 31 11:30:06.611197 2017] [ssl:warn] [pid 2556:tid 252] AH01909: www.example.com:443:0 server certificate does NOT include an ID which matches the server name
[Tue Jan 31 11:30:07.097731 2017] [core:warn] [pid 2556:tid 252] AH00098: pid file C:/Users/CCM/XAMPP/apache/logs/httpd.pid overwritten -- Unclean shutdown of previous Apache run?
[Tue Jan 31 11:30:07.232305 2017] [ssl:warn] [pid 2556:tid 252] AH01909: www.example.com:443:0 server certificate does NOT include an ID which matches the server name
[Tue Jan 31 11:30:26.274739 2017] [mpm_winnt:notice] [pid 2556:tid 252] AH00455: Apache/2.4.23 (Win32) OpenSSL/1.0.2h PHP/5.6.28 configured -- resuming normal operations
[Tue Jan 31 11:30:26.274739 2017] [mpm_winnt:notice] [pid 2556:tid 252] AH00456: Apache Lounge VC11 Server built: Jul  7 2016 11:13:22
[Tue Jan 31 11:30:26.274739 2017] [core:notice] [pid 2556:tid 252] AH00094: Command line: 'c:\\users\\ccm\\xampp\\apache\\bin\\httpd.exe -d C:/Users/CCM/XAMPP/apache'
[Tue Jan 31 11:30:26.274739 2017] [mpm_winnt:notice] [pid 2556:tid 252] AH00418: Parent: Created child process 2200
[Tue Jan 31 11:30:32.157945 2017] [ssl:warn] [pid 2200:tid 264] AH01909: www.example.com:443:0 server certificate does NOT include an ID which matches the server name
[Tue Jan 31 11:30:34.334869 2017] [ssl:warn] [pid 2200:tid 264] AH01909: www.example.com:443:0 server certificate does NOT include an ID which matches the server name
[Tue Jan 31 11:30:38.214754 2017] [mpm_winnt:notice] [pid 2200:tid 264] AH00354: Child: Starting 150 worker threads.
[Tue Jan 31 11:35:01.845612 2017] [:error] [pid 2200:tid 1672] [client ::1:49195] PHP Fatal error:  Maximum execution time of 30 seconds exceeded in C:\\Users\\CCM\\XAMPP\\phpMyAdmin\\libraries\\php-gettext\\gettext.inc on line 37
[Tue Jan 31 12:37:23.586242 2017] [ssl:warn] [pid 3980:tid 252] AH01909: www.example.com:443:0 server certificate does NOT include an ID which matches the server name
[Tue Jan 31 12:37:23.688781 2017] [core:warn] [pid 3980:tid 252] AH00098: pid file C:/Users/CCM/XAMPP/apache/logs/httpd.pid overwritten -- Unclean shutdown of previous Apache run?
[Tue Jan 31 12:37:23.885070 2017] [ssl:warn] [pid 3980:tid 252] AH01909: www.example.com:443:0 server certificate does NOT include an ID which matches the server name
[Tue Jan 31 12:37:25.493468 2017] [mpm_winnt:notice] [pid 3980:tid 252] AH00455: Apache/2.4.23 (Win32) OpenSSL/1.0.2h PHP/5.6.28 configured -- resuming normal operations
[Tue Jan 31 12:37:25.493468 2017] [mpm_winnt:notice] [pid 3980:tid 252] AH00456: Apache Lounge VC11 Server built: Jul  7 2016 11:13:22
[Tue Jan 31 12:37:25.493468 2017] [core:notice] [pid 3980:tid 252] AH00094: Command line: 'c:\\users\\ccm\\xampp\\apache\\bin\\httpd.exe -d C:/Users/CCM/XAMPP/apache'
[Tue Jan 31 12:37:25.497374 2017] [mpm_winnt:notice] [pid 3980:tid 252] AH00418: Parent: Created child process 4052
[Tue Jan 31 12:37:26.193663 2017] [ssl:warn] [pid 4052:tid 264] AH01909: www.example.com:443:0 server certificate does NOT include an ID which matches the server name
[Tue Jan 31 12:37:26.433898 2017] [ssl:warn] [pid 4052:tid 264] AH01909: www.example.com:443:0 server certificate does NOT include an ID which matches the server name
[Tue Jan 31 12:37:26.481749 2017] [mpm_winnt:notice] [pid 4052:tid 264] AH00354: Child: Starting 150 worker threads.
[Wed Feb 01 13:09:07.714027 2017] [ssl:warn] [pid 3064:tid 252] AH01909: www.example.com:443:0 server certificate does NOT include an ID which matches the server name
[Wed Feb 01 13:09:08.526527 2017] [core:warn] [pid 3064:tid 252] AH00098: pid file C:/Users/CCM/XAMPP/apache/logs/httpd.pid overwritten -- Unclean shutdown of previous Apache run?
[Wed Feb 01 13:09:08.714027 2017] [ssl:warn] [pid 3064:tid 252] AH01909: www.example.com:443:0 server certificate does NOT include an ID which matches the server name
[Wed Feb 01 13:09:25.046058 2017] [mpm_winnt:notice] [pid 3064:tid 252] AH00455: Apache/2.4.23 (Win32) OpenSSL/1.0.2h PHP/5.6.28 configured -- resuming normal operations
[Wed Feb 01 13:09:25.046058 2017] [mpm_winnt:notice] [pid 3064:tid 252] AH00456: Apache Lounge VC11 Server built: Jul  7 2016 11:13:22
[Wed Feb 01 13:09:25.046058 2017] [core:notice] [pid 3064:tid 252] AH00094: Command line: 'c:\\users\\ccm\\xampp\\apache\\bin\\httpd.exe -d C:/Users/CCM/XAMPP/apache'
[Wed Feb 01 13:09:25.048011 2017] [mpm_winnt:notice] [pid 3064:tid 252] AH00418: Parent: Created child process 2200
[Wed Feb 01 13:09:25.824378 2017] [ssl:warn] [pid 2200:tid 264] AH01909: www.example.com:443:0 server certificate does NOT include an ID which matches the server name
[Wed Feb 01 13:09:26.333167 2017] [ssl:warn] [pid 2200:tid 264] AH01909: www.example.com:443:0 server certificate does NOT include an ID which matches the server name
[Wed Feb 01 13:09:26.381019 2017] [mpm_winnt:notice] [pid 2200:tid 264] AH00354: Child: Starting 150 worker threads.
[Fri Feb 03 16:52:20.877868 2017] [ssl:warn] [pid 624:tid 252] AH01909: www.example.com:443:0 server certificate does NOT include an ID which matches the server name
[Fri Feb 03 16:52:20.984591 2017] [core:warn] [pid 624:tid 252] AH00098: pid file C:/Users/CCM/XAMPP/apache/logs/httpd.pid overwritten -- Unclean shutdown of previous Apache run?
[Fri Feb 03 16:52:21.213602 2017] [ssl:warn] [pid 624:tid 252] AH01909: www.example.com:443:0 server certificate does NOT include an ID which matches the server name
[Fri Feb 03 16:52:22.862253 2017] [mpm_winnt:notice] [pid 624:tid 252] AH00455: Apache/2.4.23 (Win32) OpenSSL/1.0.2h PHP/5.6.28 configured -- resuming normal operations
[Fri Feb 03 16:52:22.862253 2017] [mpm_winnt:notice] [pid 624:tid 252] AH00456: Apache Lounge VC11 Server built: Jul  7 2016 11:13:22
[Fri Feb 03 16:52:22.862253 2017] [core:notice] [pid 624:tid 252] AH00094: Command line: 'apache\\bin\\httpd.exe -d C:/Users/CCM/XAMPP/apache'
[Fri Feb 03 16:52:22.868923 2017] [mpm_winnt:notice] [pid 624:tid 252] AH00418: Parent: Created child process 2324
[Fri Feb 03 16:52:23.724932 2017] [ssl:warn] [pid 2324:tid 264] AH01909: www.example.com:443:0 server certificate does NOT include an ID which matches the server name
[Fri Feb 03 16:52:24.000634 2017] [ssl:warn] [pid 2324:tid 264] AH01909: www.example.com:443:0 server certificate does NOT include an ID which matches the server name
[Fri Feb 03 16:52:24.056219 2017] [mpm_winnt:notice] [pid 2324:tid 264] AH00354: Child: Starting 150 worker threads.
