2017-02-03 17:40:25 2612 [Note] InnoDB: Using mutexes to ref count buffer pool pages
2017-02-03 17:40:25 2612 [Note] InnoDB: The InnoDB memory heap is disabled
2017-02-03 17:40:25 2612 [Note] InnoDB: Mutexes and rw_locks use Windows interlocked functions
2017-02-03 17:40:25 2612 [Note] InnoDB: _mm_lfence() and _mm_sfence() are used for memory barrier
2017-02-03 17:40:25 2612 [Note] InnoDB: Compressed tables use zlib 1.2.3
2017-02-03 17:40:25 2612 [Note] InnoDB: Using generic crc32 instructions
2017-02-03 17:40:25 2612 [Note] InnoDB: Initializing buffer pool, size = 128.0M
2017-02-03 17:40:25 2612 [Note] InnoDB: Completed initialization of buffer pool
2017-02-03 17:40:25 2612 [Note] InnoDB: Highest supported file format is Barracuda.
2017-02-03 17:40:25 2612 [Note] InnoDB: The log sequence numbers 9737373 and 9737373 in ibdata files do not match the log sequence number 9737383 in the ib_logfiles!
2017-02-03 17:40:25 2612 [Note] InnoDB: Database was not shutdown normally!
2017-02-03 17:40:25 2612 [Note] InnoDB: Starting crash recovery.
2017-02-03 17:40:25 2612 [Note] InnoDB: Reading tablespace information from the .ibd files...
2017-02-03 17:40:25 2612 [Note] InnoDB: Restoring possible half-written data pages 
2017-02-03 17:40:25 2612 [Note] InnoDB: from the doublewrite buffer...
2017-02-03 17:40:27 2612 [Warning] InnoDB: Resizing redo log from 2*320 to 2*3072 pages, LSN=9737383
2017-02-03 17:40:27 2612 [Warning] InnoDB: Starting to delete and rewrite log files.
2017-02-03 17:40:27 2612 [Note] InnoDB: Setting log file .\ib_logfile101 size to 48 MB
2017-02-03 17:40:29 2612 [Note] InnoDB: Setting log file .\ib_logfile1 size to 48 MB
2017-02-03 17:40:30 2612 [Note] InnoDB: Renaming log file .\ib_logfile101 to .\ib_logfile0
2017-02-03 17:40:30 2612 [Warning] InnoDB: New log files created, LSN=9737740
2017-02-03 17:40:30 2612 [Note] InnoDB: 128 rollback segment(s) are active.
2017-02-03 17:40:30 2612 [Note] InnoDB: Waiting for purge to start
2017-02-03 17:40:30 2612 [Note] InnoDB:  Percona XtraDB (http://www.percona.com) 5.6.32-79.0 started; log sequence number 9737383
2017-02-03 17:40:30 3520 [Note] InnoDB: Dumping buffer pool(s) not yet started
2017-02-03 17:40:30 2612 [Note] Plugin 'FEEDBACK' is disabled.
2017-02-03 17:40:30 2612 [Note] Server socket created on IP: '::'.
2017-02-03 17:40:30 2612 [ERROR] mysqld.exe: Table '.\mysql\db' is marked as crashed and should be repaired
2017-02-03 17:40:30 2612 [Warning] Checking table:   '.\mysql\db'
2017-02-03 17:40:30 2612 [ERROR] mysql.db: 1 client is using or hasn't closed the table properly
2017-02-03 17:40:30 2612 [ERROR] mysqld.exe: Table '.\mysql\tables_priv' is marked as crashed and should be repaired
2017-02-03 17:40:30 2612 [Warning] Checking table:   '.\mysql\tables_priv'
2017-02-03 17:40:30 2612 [ERROR] mysql.tables_priv: 1 client is using or hasn't closed the table properly
2017-02-03 17:40:30 2612 [ERROR] mysqld.exe: Table '.\mysql\columns_priv' is marked as crashed and should be repaired
2017-02-03 17:40:30 2612 [Warning] Checking table:   '.\mysql\columns_priv'
2017-02-03 17:40:30 2612 [ERROR] mysql.columns_priv: 1 client is using or hasn't closed the table properly
2017-02-03 17:40:30 2612 [ERROR] mysqld.exe: Table '.\mysql\procs_priv' is marked as crashed and should be repaired
2017-02-03 17:40:30 2612 [Warning] Checking table:   '.\mysql\procs_priv'
2017-02-03 17:40:30 2612 [ERROR] mysql.procs_priv: 1 client is using or hasn't closed the table properly
2017-02-03 17:40:31 2612 [Note] C:\Users\CCM\Documents\GitHub\CCM\src\main\resources\mysql\bin\mysqld.exe: ready for connections.
Version: '10.1.19-MariaDB'  socket: ''  port: 3306  mariadb.org binary distribution
2017-02-03 17:43:17 3348 [Note] InnoDB: Using mutexes to ref count buffer pool pages
2017-02-03 17:43:17 3348 [Note] InnoDB: The InnoDB memory heap is disabled
2017-02-03 17:43:17 3348 [Note] InnoDB: Mutexes and rw_locks use Windows interlocked functions
2017-02-03 17:43:17 3348 [Note] InnoDB: _mm_lfence() and _mm_sfence() are used for memory barrier
2017-02-03 17:43:17 3348 [Note] InnoDB: Compressed tables use zlib 1.2.3
2017-02-03 17:43:17 3348 [Note] InnoDB: Using generic crc32 instructions
2017-02-03 17:43:17 3348 [Note] InnoDB: Initializing buffer pool, size = 128.0M
2017-02-03 17:43:17 3348 [Note] InnoDB: Completed initialization of buffer pool
2017-02-03 17:43:17 3348 [Note] InnoDB: Highest supported file format is Barracuda.
2017-02-03 17:43:17 3348 [Note] InnoDB: The log sequence numbers 9737740 and 9737740 in ibdata files do not match the log sequence number 9739207 in the ib_logfiles!
2017-02-03 17:43:17 3348 [Note] InnoDB: Database was not shutdown normally!
2017-02-03 17:43:17 3348 [Note] InnoDB: Starting crash recovery.
2017-02-03 17:43:17 3348 [Note] InnoDB: Reading tablespace information from the .ibd files...
2017-02-03 17:43:17 3348 [Note] InnoDB: Restoring possible half-written data pages 
2017-02-03 17:43:17 3348 [Note] InnoDB: from the doublewrite buffer...
2017-02-03 17:43:19 3348 [Note] InnoDB: 128 rollback segment(s) are active.
2017-02-03 17:43:19 3348 [Note] InnoDB: Waiting for purge to start
2017-02-03 17:43:19 3348 [Note] InnoDB:  Percona XtraDB (http://www.percona.com) 5.6.32-79.0 started; log sequence number 9739207
2017-02-03 17:43:19 3348 [Note] Plugin 'FEEDBACK' is disabled.
2017-02-03 17:43:19 2400 [Note] InnoDB: Dumping buffer pool(s) not yet started
2017-02-03 17:43:19 3348 [Note] Server socket created on IP: '::'.
2017-02-03 17:43:19 3348 [ERROR] mysqld.exe: Table '.\mysql\db' is marked as crashed and should be repaired
2017-02-03 17:43:19 3348 [Warning] Checking table:   '.\mysql\db'
2017-02-03 17:43:19 3348 [ERROR] mysql.db: 1 client is using or hasn't closed the table properly
2017-02-03 17:43:19 3348 [ERROR] mysqld.exe: Table '.\mysql\tables_priv' is marked as crashed and should be repaired
2017-02-03 17:43:19 3348 [Warning] Checking table:   '.\mysql\tables_priv'
2017-02-03 17:43:19 3348 [ERROR] mysql.tables_priv: 1 client is using or hasn't closed the table properly
2017-02-03 17:43:19 3348 [ERROR] mysqld.exe: Table '.\mysql\columns_priv' is marked as crashed and should be repaired
2017-02-03 17:43:19 3348 [Warning] Checking table:   '.\mysql\columns_priv'
2017-02-03 17:43:19 3348 [ERROR] mysql.columns_priv: 1 client is using or hasn't closed the table properly
2017-02-03 17:43:19 3348 [ERROR] mysqld.exe: Table '.\mysql\procs_priv' is marked as crashed and should be repaired
2017-02-03 17:43:19 3348 [Warning] Checking table:   '.\mysql\procs_priv'
2017-02-03 17:43:19 3348 [ERROR] mysql.procs_priv: 1 client is using or hasn't closed the table properly
2017-02-03 17:43:19 3348 [Note] C:\Users\CCM\Documents\GitHub\CCM\src\main\resources\mysql\bin\mysqld.exe: ready for connections.
Version: '10.1.19-MariaDB'  socket: ''  port: 3306  mariadb.org binary distribution
2017-02-03 17:51:10 2304 [Note] InnoDB: Using mutexes to ref count buffer pool pages
2017-02-03 17:51:10 2304 [Note] InnoDB: The InnoDB memory heap is disabled
2017-02-03 17:51:10 2304 [Note] InnoDB: Mutexes and rw_locks use Windows interlocked functions
2017-02-03 17:51:10 2304 [Note] InnoDB: _mm_lfence() and _mm_sfence() are used for memory barrier
2017-02-03 17:51:10 2304 [Note] InnoDB: Compressed tables use zlib 1.2.3
2017-02-03 17:51:10 2304 [Note] InnoDB: Using generic crc32 instructions
2017-02-03 17:51:10 2304 [Note] InnoDB: Initializing buffer pool, size = 128.0M
2017-02-03 17:51:10 2304 [Note] InnoDB: Completed initialization of buffer pool
2017-02-03 17:51:10 2304 [Note] InnoDB: Highest supported file format is Barracuda.
2017-02-03 17:51:10 2304 [Note] InnoDB: The log sequence numbers 9737740 and 9737740 in ibdata files do not match the log sequence number 9740646 in the ib_logfiles!
2017-02-03 17:51:10 2304 [Note] InnoDB: Database was not shutdown normally!
2017-02-03 17:51:10 2304 [Note] InnoDB: Starting crash recovery.
2017-02-03 17:51:10 2304 [Note] InnoDB: Reading tablespace information from the .ibd files...
2017-02-03 17:51:10 2304 [Note] InnoDB: Restoring possible half-written data pages 
2017-02-03 17:51:10 2304 [Note] InnoDB: from the doublewrite buffer...
2017-02-03 17:51:11 2304 [Note] InnoDB: 128 rollback segment(s) are active.
2017-02-03 17:51:11 2304 [Note] InnoDB: Waiting for purge to start
2017-02-03 17:51:11 2304 [Note] InnoDB:  Percona XtraDB (http://www.percona.com) 5.6.32-79.0 started; log sequence number 9740646
2017-02-03 17:51:12 2712 [Note] InnoDB: Dumping buffer pool(s) not yet started
2017-02-03 17:51:12 2304 [Note] Plugin 'FEEDBACK' is disabled.
2017-02-03 17:51:12 2304 [Note] Server socket created on IP: '::'.
2017-02-03 17:51:12 2304 [ERROR] mysqld.exe: Table '.\mysql\db' is marked as crashed and should be repaired
2017-02-03 17:51:12 2304 [Warning] Checking table:   '.\mysql\db'
2017-02-03 17:51:12 2304 [ERROR] mysql.db: 1 client is using or hasn't closed the table properly
2017-02-03 17:51:12 2304 [ERROR] mysqld.exe: Table '.\mysql\tables_priv' is marked as crashed and should be repaired
2017-02-03 17:51:12 2304 [Warning] Checking table:   '.\mysql\tables_priv'
2017-02-03 17:51:12 2304 [ERROR] mysql.tables_priv: 1 client is using or hasn't closed the table properly
2017-02-03 17:51:12 2304 [ERROR] mysqld.exe: Table '.\mysql\columns_priv' is marked as crashed and should be repaired
2017-02-03 17:51:12 2304 [Warning] Checking table:   '.\mysql\columns_priv'
2017-02-03 17:51:12 2304 [ERROR] mysql.columns_priv: 1 client is using or hasn't closed the table properly
2017-02-03 17:51:12 2304 [ERROR] mysqld.exe: Table '.\mysql\procs_priv' is marked as crashed and should be repaired
2017-02-03 17:51:12 2304 [Warning] Checking table:   '.\mysql\procs_priv'
2017-02-03 17:51:12 2304 [ERROR] mysql.procs_priv: 1 client is using or hasn't closed the table properly
2017-02-03 17:51:12 2304 [Note] C:\Users\CCM\Documents\GitHub\CCM\src\main\resources\mysql\bin\mysqld.exe: ready for connections.
Version: '10.1.19-MariaDB'  socket: ''  port: 3306  mariadb.org binary distribution
